{"src/comps/communicator.js":{"path":"src/comps/communicator.js","s":{"1":2,"2":2,"3":57,"4":2,"5":6,"6":6,"7":6,"8":2,"9":3,"10":3,"11":3,"12":3,"13":2,"14":5,"15":5,"16":3,"17":5,"18":2,"19":1,"20":1,"21":1,"22":2,"23":10,"24":10,"25":10,"26":10,"27":10,"28":2,"29":2,"30":2,"31":16,"32":16,"33":8,"34":16,"35":2,"36":25,"37":2,"38":12,"39":12,"40":12,"41":2,"42":12,"43":12,"44":5,"45":5,"46":7,"47":2,"48":2},"b":{"1":[3,2],"2":[8,8],"3":[5,7]},"f":{"1":2,"2":57,"3":6,"4":0,"5":6,"6":3,"7":3,"8":0,"9":5,"10":1,"11":1,"12":0,"13":10,"14":2,"15":16,"16":25,"17":12,"18":12},"fnMap":{"1":{"name":"(anonymous_1)","line":3,"loc":{"start":{"line":3,"column":3},"end":{"line":3,"column":18}}},"2":{"name":"(anonymous_2)","line":6,"loc":{"start":{"line":6,"column":23},"end":{"line":6,"column":33}}},"3":{"name":"(anonymous_3)","line":10,"loc":{"start":{"line":10,"column":39},"end":{"line":10,"column":94}}},"4":{"name":"(anonymous_4)","line":12,"loc":{"start":{"line":12,"column":38},"end":{"line":12,"column":48}}},"5":{"name":"(anonymous_5)","line":13,"loc":{"start":{"line":13,"column":11},"end":{"line":13,"column":30}}},"6":{"name":"(anonymous_6)","line":18,"loc":{"start":{"line":18,"column":37},"end":{"line":18,"column":74}}},"7":{"name":"(anonymous_7)","line":20,"loc":{"start":{"line":20,"column":39},"end":{"line":20,"column":75}}},"8":{"name":"(anonymous_8)","line":25,"loc":{"start":{"line":25,"column":11},"end":{"line":25,"column":21}}},"9":{"name":"(anonymous_9)","line":28,"loc":{"start":{"line":28,"column":47},"end":{"line":28,"column":76}}},"10":{"name":"(anonymous_10)","line":36,"loc":{"start":{"line":36,"column":43},"end":{"line":36,"column":65}}},"11":{"name":"(anonymous_11)","line":38,"loc":{"start":{"line":38,"column":40},"end":{"line":38,"column":76}}},"12":{"name":"(anonymous_12)","line":40,"loc":{"start":{"line":40,"column":11},"end":{"line":40,"column":21}}},"13":{"name":"(anonymous_13)","line":43,"loc":{"start":{"line":43,"column":38},"end":{"line":43,"column":90}}},"14":{"name":"(anonymous_14)","line":51,"loc":{"start":{"line":51,"column":41},"end":{"line":51,"column":60}}},"15":{"name":"(anonymous_15)","line":55,"loc":{"start":{"line":55,"column":52},"end":{"line":55,"column":71}}},"16":{"name":"(anonymous_16)","line":63,"loc":{"start":{"line":63,"column":38},"end":{"line":63,"column":57}}},"17":{"name":"(anonymous_17)","line":67,"loc":{"start":{"line":67,"column":42},"end":{"line":67,"column":99}}},"18":{"name":"(anonymous_18)","line":74,"loc":{"start":{"line":74,"column":43},"end":{"line":74,"column":99}}}},"statementMap":{"1":{"start":{"line":1,"column":0},"end":{"line":86,"column":3}},"2":{"start":{"line":6,"column":4},"end":{"line":8,"column":6}},"3":{"start":{"line":7,"column":8},"end":{"line":7,"column":25}},"4":{"start":{"line":10,"column":4},"end":{"line":16,"column":6}},"5":{"start":{"line":11,"column":8},"end":{"line":11,"column":24}},"6":{"start":{"line":12,"column":8},"end":{"line":15,"column":11}},"7":{"start":{"line":14,"column":12},"end":{"line":14,"column":72}},"8":{"start":{"line":18,"column":4},"end":{"line":26,"column":6}},"9":{"start":{"line":19,"column":8},"end":{"line":19,"column":24}},"10":{"start":{"line":20,"column":8},"end":{"line":25,"column":25}},"11":{"start":{"line":21,"column":12},"end":{"line":23,"column":74}},"12":{"start":{"line":24,"column":12},"end":{"line":24,"column":63}},"13":{"start":{"line":28,"column":4},"end":{"line":34,"column":6}},"14":{"start":{"line":29,"column":8},"end":{"line":29,"column":32}},"15":{"start":{"line":30,"column":8},"end":{"line":32,"column":9}},"16":{"start":{"line":31,"column":12},"end":{"line":31,"column":49}},"17":{"start":{"line":33,"column":8},"end":{"line":33,"column":30}},"18":{"start":{"line":36,"column":4},"end":{"line":41,"column":6}},"19":{"start":{"line":37,"column":8},"end":{"line":37,"column":24}},"20":{"start":{"line":38,"column":8},"end":{"line":40,"column":25}},"21":{"start":{"line":39,"column":12},"end":{"line":39,"column":45}},"22":{"start":{"line":43,"column":4},"end":{"line":49,"column":6}},"23":{"start":{"line":44,"column":8},"end":{"line":44,"column":30}},"24":{"start":{"line":45,"column":8},"end":{"line":45,"column":53}},"25":{"start":{"line":46,"column":8},"end":{"line":46,"column":52}},"26":{"start":{"line":47,"column":8},"end":{"line":47,"column":46}},"27":{"start":{"line":48,"column":8},"end":{"line":48,"column":20}},"28":{"start":{"line":51,"column":4},"end":{"line":53,"column":6}},"29":{"start":{"line":52,"column":8},"end":{"line":52,"column":38}},"30":{"start":{"line":55,"column":4},"end":{"line":61,"column":6}},"31":{"start":{"line":56,"column":8},"end":{"line":56,"column":29}},"32":{"start":{"line":57,"column":8},"end":{"line":59,"column":9}},"33":{"start":{"line":58,"column":12},"end":{"line":58,"column":28}},"34":{"start":{"line":60,"column":8},"end":{"line":60,"column":24}},"35":{"start":{"line":63,"column":4},"end":{"line":65,"column":6}},"36":{"start":{"line":64,"column":8},"end":{"line":64,"column":38}},"37":{"start":{"line":67,"column":4},"end":{"line":72,"column":6}},"38":{"start":{"line":68,"column":8},"end":{"line":68,"column":24}},"39":{"start":{"line":69,"column":8},"end":{"line":71,"column":9}},"40":{"start":{"line":70,"column":12},"end":{"line":70,"column":87}},"41":{"start":{"line":74,"column":4},"end":{"line":82,"column":6}},"42":{"start":{"line":75,"column":8},"end":{"line":75,"column":24}},"43":{"start":{"line":76,"column":8},"end":{"line":81,"column":9}},"44":{"start":{"line":77,"column":12},"end":{"line":77,"column":54}},"45":{"start":{"line":78,"column":12},"end":{"line":78,"column":62}},"46":{"start":{"line":80,"column":12},"end":{"line":80,"column":53}},"47":{"start":{"line":84,"column":4},"end":{"line":84,"column":49}},"48":{"start":{"line":85,"column":4},"end":{"line":85,"column":24}}},"branchMap":{"1":{"line":30,"type":"if","locations":[{"start":{"line":30,"column":8},"end":{"line":30,"column":8}},{"start":{"line":30,"column":8},"end":{"line":30,"column":8}}]},"2":{"line":57,"type":"if","locations":[{"start":{"line":57,"column":8},"end":{"line":57,"column":8}},{"start":{"line":57,"column":8},"end":{"line":57,"column":8}}]},"3":{"line":76,"type":"if","locations":[{"start":{"line":76,"column":8},"end":{"line":76,"column":8}},{"start":{"line":76,"column":8},"end":{"line":76,"column":8}}]}}},"src/comps/dependency-manager.js":{"path":"src/comps/dependency-manager.js","s":{"1":2,"2":2,"3":14,"4":14,"5":14,"6":2,"7":8,"8":2,"9":1,"10":2,"11":9,"12":2,"13":2,"14":2,"15":2,"16":2,"17":2,"18":3,"19":3,"20":2,"21":1,"22":3,"23":2,"24":4,"25":4,"26":2,"27":7,"28":2,"29":4,"30":4,"31":4,"32":0,"33":4,"34":4,"35":4,"36":0,"37":4,"38":4,"39":2,"40":4,"41":4,"42":5,"43":1,"44":1,"45":1,"46":1,"47":4,"48":4,"49":2,"50":1,"51":1,"52":2,"53":5,"54":2,"55":0,"56":2,"57":2},"b":{"1":[14,14],"2":[14,14],"3":[2,0],"4":[2,1],"5":[6,1],"6":[0,4],"7":[1,4]},"f":{"1":2,"2":14,"3":8,"4":1,"5":9,"6":2,"7":3,"8":4,"9":7,"10":4,"11":4,"12":0,"13":4,"14":5,"15":1,"16":1,"17":5,"18":0},"fnMap":{"1":{"name":"(anonymous_1)","line":5,"loc":{"start":{"line":5,"column":3},"end":{"line":5,"column":45}}},"2":{"name":"(anonymous_2)","line":23,"loc":{"start":{"line":23,"column":28},"end":{"line":23,"column":38}}},"3":{"name":"(anonymous_3)","line":41,"loc":{"start":{"line":41,"column":48},"end":{"line":41,"column":66}}},"4":{"name":"(anonymous_4)","line":53,"loc":{"start":{"line":53,"column":48},"end":{"line":53,"column":58}}},"5":{"name":"(anonymous_5)","line":64,"loc":{"start":{"line":64,"column":48},"end":{"line":64,"column":71}}},"6":{"name":"(anonymous_6)","line":76,"loc":{"start":{"line":76,"column":48},"end":{"line":76,"column":58}}},"7":{"name":"(anonymous_7)","line":90,"loc":{"start":{"line":90,"column":47},"end":{"line":90,"column":60}}},"8":{"name":"(anonymous_8)","line":107,"loc":{"start":{"line":107,"column":56},"end":{"line":107,"column":69}}},"9":{"name":"(anonymous_9)","line":117,"loc":{"start":{"line":117,"column":45},"end":{"line":117,"column":58}}},"10":{"name":"(anonymous_10)","line":126,"loc":{"start":{"line":126,"column":44},"end":{"line":126,"column":57}}},"11":{"name":"(anonymous_11)","line":136,"loc":{"start":{"line":136,"column":25},"end":{"line":136,"column":35}}},"12":{"name":"(anonymous_12)","line":139,"loc":{"start":{"line":139,"column":25},"end":{"line":139,"column":35}}},"13":{"name":"(anonymous_13)","line":154,"loc":{"start":{"line":154,"column":40},"end":{"line":154,"column":75}}},"14":{"name":"(anonymous_14)","line":157,"loc":{"start":{"line":157,"column":27},"end":{"line":157,"column":41}}},"15":{"name":"(anonymous_15)","line":160,"loc":{"start":{"line":160,"column":48},"end":{"line":160,"column":58}}},"16":{"name":"(anonymous_16)","line":177,"loc":{"start":{"line":177,"column":48},"end":{"line":177,"column":61}}},"17":{"name":"(anonymous_17)","line":188,"loc":{"start":{"line":188,"column":54},"end":{"line":188,"column":66}}},"18":{"name":"(anonymous_18)","line":198,"loc":{"start":{"line":198,"column":48},"end":{"line":198,"column":60}}}},"statementMap":{"1":{"start":{"line":1,"column":0},"end":{"line":204,"column":3}},"2":{"start":{"line":23,"column":4},"end":{"line":31,"column":6}},"3":{"start":{"line":24,"column":8},"end":{"line":24,"column":23}},"4":{"start":{"line":25,"column":8},"end":{"line":25,"column":25}},"5":{"start":{"line":27,"column":8},"end":{"line":30,"column":10}},"6":{"start":{"line":41,"column":4},"end":{"line":43,"column":6}},"7":{"start":{"line":42,"column":8},"end":{"line":42,"column":42}},"8":{"start":{"line":53,"column":4},"end":{"line":55,"column":6}},"9":{"start":{"line":54,"column":8},"end":{"line":54,"column":38}},"10":{"start":{"line":64,"column":4},"end":{"line":66,"column":6}},"11":{"start":{"line":65,"column":8},"end":{"line":65,"column":47}},"12":{"start":{"line":76,"column":4},"end":{"line":82,"column":6}},"13":{"start":{"line":77,"column":8},"end":{"line":77,"column":24}},"14":{"start":{"line":78,"column":8},"end":{"line":80,"column":9}},"15":{"start":{"line":79,"column":12},"end":{"line":79,"column":44}},"16":{"start":{"line":81,"column":8},"end":{"line":81,"column":22}},"17":{"start":{"line":90,"column":4},"end":{"line":99,"column":6}},"18":{"start":{"line":91,"column":8},"end":{"line":92,"column":87}},"19":{"start":{"line":93,"column":8},"end":{"line":97,"column":9}},"20":{"start":{"line":94,"column":12},"end":{"line":94,"column":28}},"21":{"start":{"line":96,"column":12},"end":{"line":96,"column":106}},"22":{"start":{"line":98,"column":8},"end":{"line":98,"column":25}},"23":{"start":{"line":107,"column":4},"end":{"line":110,"column":6}},"24":{"start":{"line":108,"column":8},"end":{"line":108,"column":54}},"25":{"start":{"line":109,"column":8},"end":{"line":109,"column":55}},"26":{"start":{"line":117,"column":4},"end":{"line":119,"column":6}},"27":{"start":{"line":118,"column":8},"end":{"line":118,"column":134}},"28":{"start":{"line":126,"column":4},"end":{"line":146,"column":6}},"29":{"start":{"line":127,"column":8},"end":{"line":127,"column":40}},"30":{"start":{"line":128,"column":8},"end":{"line":128,"column":48}},"31":{"start":{"line":129,"column":8},"end":{"line":144,"column":9}},"32":{"start":{"line":130,"column":12},"end":{"line":130,"column":47}},"33":{"start":{"line":133,"column":12},"end":{"line":133,"column":48}},"34":{"start":{"line":135,"column":12},"end":{"line":142,"column":15}},"35":{"start":{"line":137,"column":20},"end":{"line":137,"column":41}},"36":{"start":{"line":140,"column":20},"end":{"line":140,"column":41}},"37":{"start":{"line":143,"column":12},"end":{"line":143,"column":56}},"38":{"start":{"line":145,"column":8},"end":{"line":145,"column":29}},"39":{"start":{"line":154,"column":4},"end":{"line":169,"column":6}},"40":{"start":{"line":155,"column":8},"end":{"line":156,"column":20}},"41":{"start":{"line":157,"column":8},"end":{"line":167,"column":10}},"42":{"start":{"line":158,"column":12},"end":{"line":166,"column":13}},"43":{"start":{"line":159,"column":16},"end":{"line":159,"column":64}},"44":{"start":{"line":160,"column":16},"end":{"line":163,"column":28}},"45":{"start":{"line":161,"column":20},"end":{"line":161,"column":28}},"46":{"start":{"line":162,"column":20},"end":{"line":162,"column":42}},"47":{"start":{"line":165,"column":16},"end":{"line":165,"column":36}},"48":{"start":{"line":168,"column":8},"end":{"line":168,"column":30}},"49":{"start":{"line":177,"column":4},"end":{"line":180,"column":6}},"50":{"start":{"line":178,"column":8},"end":{"line":178,"column":38}},"51":{"start":{"line":179,"column":8},"end":{"line":179,"column":29}},"52":{"start":{"line":188,"column":4},"end":{"line":190,"column":6}},"53":{"start":{"line":189,"column":8},"end":{"line":189,"column":29}},"54":{"start":{"line":198,"column":4},"end":{"line":200,"column":6}},"55":{"start":{"line":199,"column":8},"end":{"line":199,"column":57}},"56":{"start":{"line":202,"column":4},"end":{"line":202,"column":59}},"57":{"start":{"line":203,"column":4},"end":{"line":203,"column":29}}},"branchMap":{"1":{"line":28,"type":"binary-expr","locations":[{"start":{"line":28,"column":24},"end":{"line":28,"column":38}},{"start":{"line":28,"column":42},"end":{"line":28,"column":44}}]},"2":{"line":29,"type":"binary-expr","locations":[{"start":{"line":29,"column":24},"end":{"line":29,"column":38}},{"start":{"line":29,"column":42},"end":{"line":29,"column":44}}]},"3":{"line":78,"type":"if","locations":[{"start":{"line":78,"column":8},"end":{"line":78,"column":8}},{"start":{"line":78,"column":8},"end":{"line":78,"column":8}}]},"4":{"line":93,"type":"if","locations":[{"start":{"line":93,"column":8},"end":{"line":93,"column":8}},{"start":{"line":93,"column":8},"end":{"line":93,"column":8}}]},"5":{"line":118,"type":"cond-expr","locations":[{"start":{"line":118,"column":39},"end":{"line":118,"column":93}},{"start":{"line":118,"column":94},"end":{"line":118,"column":133}}]},"6":{"line":129,"type":"if","locations":[{"start":{"line":129,"column":8},"end":{"line":129,"column":8}},{"start":{"line":129,"column":8},"end":{"line":129,"column":8}}]},"7":{"line":158,"type":"if","locations":[{"start":{"line":158,"column":12},"end":{"line":158,"column":12}},{"start":{"line":158,"column":12},"end":{"line":158,"column":12}}]}}},"src/comps/dependency.js":{"path":"src/comps/dependency.js","s":{"1":3,"2":3,"3":9,"4":9,"5":9,"6":9,"7":3,"8":0,"9":3,"10":9,"11":9,"12":9,"13":9,"14":9,"15":9,"16":9,"17":7,"18":9,"19":2,"20":9,"21":3,"22":9,"23":9,"24":9,"25":9,"26":3,"27":9,"28":3,"29":7,"30":7,"31":3,"32":2,"33":2,"34":3,"35":18,"36":18,"37":9,"38":3,"39":9,"40":9,"41":0,"42":0,"43":0,"44":0,"45":9,"46":3,"47":3},"b":{"1":[9,0],"2":[9,9],"3":[0,9],"4":[0,0],"5":[0,0]},"f":{"1":3,"2":9,"3":0,"4":9,"5":9,"6":7,"7":2,"8":9,"9":9,"10":7,"11":2,"12":18,"13":9,"14":0},"fnMap":{"1":{"name":"(anonymous_1)","line":3,"loc":{"start":{"line":3,"column":3},"end":{"line":3,"column":18}}},"2":{"name":"(anonymous_2)","line":26,"loc":{"start":{"line":26,"column":21},"end":{"line":26,"column":34}}},"3":{"name":"(anonymous_3)","line":37,"loc":{"start":{"line":37,"column":37},"end":{"line":37,"column":47}}},"4":{"name":"(anonymous_4)","line":45,"loc":{"start":{"line":45,"column":35},"end":{"line":45,"column":51}}},"5":{"name":"(anonymous_5)","line":54,"loc":{"start":{"line":54,"column":34},"end":{"line":54,"column":44}}},"6":{"name":"(anonymous_6)","line":55,"loc":{"start":{"line":55,"column":31},"end":{"line":55,"column":41}}},"7":{"name":"(anonymous_7)","line":58,"loc":{"start":{"line":58,"column":32},"end":{"line":58,"column":42}}},"8":{"name":"(anonymous_8)","line":65,"loc":{"start":{"line":65,"column":43},"end":{"line":65,"column":62}}},"9":{"name":"(anonymous_9)","line":76,"loc":{"start":{"line":76,"column":37},"end":{"line":76,"column":47}}},"10":{"name":"(anonymous_10)","line":84,"loc":{"start":{"line":84,"column":42},"end":{"line":84,"column":52}}},"11":{"name":"(anonymous_11)","line":92,"loc":{"start":{"line":92,"column":42},"end":{"line":92,"column":52}}},"12":{"name":"(anonymous_12)","line":97,"loc":{"start":{"line":97,"column":48},"end":{"line":97,"column":67}}},"13":{"name":"(anonymous_13)","line":109,"loc":{"start":{"line":109,"column":37},"end":{"line":109,"column":75}}},"14":{"name":"(anonymous_14)","line":112,"loc":{"start":{"line":112,"column":47},"end":{"line":112,"column":57}}}},"statementMap":{"1":{"start":{"line":1,"column":0},"end":{"line":125,"column":3}},"2":{"start":{"line":26,"column":4},"end":{"line":31,"column":6}},"3":{"start":{"line":27,"column":8},"end":{"line":27,"column":23}},"4":{"start":{"line":28,"column":8},"end":{"line":28,"column":32}},"5":{"start":{"line":29,"column":8},"end":{"line":29,"column":26}},"6":{"start":{"line":30,"column":8},"end":{"line":30,"column":25}},"7":{"start":{"line":37,"column":4},"end":{"line":39,"column":6}},"8":{"start":{"line":38,"column":8},"end":{"line":38,"column":27}},"9":{"start":{"line":45,"column":4},"end":{"line":63,"column":6}},"10":{"start":{"line":46,"column":8},"end":{"line":46,"column":24}},"11":{"start":{"line":48,"column":8},"end":{"line":50,"column":9}},"12":{"start":{"line":49,"column":12},"end":{"line":49,"column":33}},"13":{"start":{"line":52,"column":8},"end":{"line":52,"column":25}},"14":{"start":{"line":53,"column":8},"end":{"line":53,"column":55}},"15":{"start":{"line":54,"column":8},"end":{"line":61,"column":11}},"16":{"start":{"line":55,"column":12},"end":{"line":57,"column":14}},"17":{"start":{"line":56,"column":16},"end":{"line":56,"column":38}},"18":{"start":{"line":58,"column":12},"end":{"line":60,"column":14}},"19":{"start":{"line":59,"column":16},"end":{"line":59,"column":38}},"20":{"start":{"line":62,"column":8},"end":{"line":62,"column":72}},"21":{"start":{"line":65,"column":4},"end":{"line":70,"column":6}},"22":{"start":{"line":66,"column":8},"end":{"line":66,"column":54}},"23":{"start":{"line":67,"column":8},"end":{"line":67,"column":40}},"24":{"start":{"line":68,"column":8},"end":{"line":68,"column":31}},"25":{"start":{"line":69,"column":8},"end":{"line":69,"column":22}},"26":{"start":{"line":76,"column":4},"end":{"line":78,"column":6}},"27":{"start":{"line":77,"column":8},"end":{"line":77,"column":47}},"28":{"start":{"line":84,"column":4},"end":{"line":87,"column":6}},"29":{"start":{"line":85,"column":8},"end":{"line":85,"column":30}},"30":{"start":{"line":86,"column":8},"end":{"line":86,"column":45}},"31":{"start":{"line":92,"column":4},"end":{"line":95,"column":6}},"32":{"start":{"line":93,"column":8},"end":{"line":93,"column":30}},"33":{"start":{"line":94,"column":8},"end":{"line":94,"column":45}},"34":{"start":{"line":97,"column":4},"end":{"line":102,"column":6}},"35":{"start":{"line":98,"column":8},"end":{"line":98,"column":47}},"36":{"start":{"line":99,"column":8},"end":{"line":101,"column":9}},"37":{"start":{"line":100,"column":12},"end":{"line":100,"column":33}},"38":{"start":{"line":109,"column":4},"end":{"line":121,"column":6}},"39":{"start":{"line":110,"column":8},"end":{"line":110,"column":24}},"40":{"start":{"line":111,"column":8},"end":{"line":120,"column":9}},"41":{"start":{"line":112,"column":12},"end":{"line":117,"column":14}},"42":{"start":{"line":113,"column":16},"end":{"line":116,"column":17}},"43":{"start":{"line":114,"column":20},"end":{"line":114,"column":58}},"44":{"start":{"line":115,"column":20},"end":{"line":115,"column":42}},"45":{"start":{"line":119,"column":12},"end":{"line":119,"column":37}},"46":{"start":{"line":123,"column":4},"end":{"line":123,"column":45}},"47":{"start":{"line":124,"column":4},"end":{"line":124,"column":22}}},"branchMap":{"1":{"line":48,"type":"if","locations":[{"start":{"line":48,"column":8},"end":{"line":48,"column":8}},{"start":{"line":48,"column":8},"end":{"line":48,"column":8}}]},"2":{"line":99,"type":"if","locations":[{"start":{"line":99,"column":8},"end":{"line":99,"column":8}},{"start":{"line":99,"column":8},"end":{"line":99,"column":8}}]},"3":{"line":111,"type":"if","locations":[{"start":{"line":111,"column":8},"end":{"line":111,"column":8}},{"start":{"line":111,"column":8},"end":{"line":111,"column":8}}]},"4":{"line":113,"type":"if","locations":[{"start":{"line":113,"column":16},"end":{"line":113,"column":16}},{"start":{"line":113,"column":16},"end":{"line":113,"column":16}}]},"5":{"line":113,"type":"binary-expr","locations":[{"start":{"line":113,"column":19},"end":{"line":113,"column":53}},{"start":{"line":113,"column":57},"end":{"line":113,"column":93}}]}}},"src/comps/loader-schema.js":{"path":"src/comps/loader-schema.js","s":{"1":3,"2":3,"3":7,"4":7,"5":7,"6":7,"7":7,"8":3,"9":5,"10":0,"11":3,"12":5,"13":5,"14":5,"15":3,"16":5,"17":3,"18":0,"19":0,"20":3,"21":3,"22":3,"23":15,"24":3,"25":0,"26":3,"27":6,"28":3},"b":{"1":[0,5]},"f":{"1":3,"2":7,"3":6,"4":1,"5":0,"6":0,"7":5,"8":5,"9":0,"10":5,"11":0,"12":0,"13":3,"14":15,"15":0,"16":6},"fnMap":{"1":{"name":"(anonymous_1)","line":1,"loc":{"start":{"line":1,"column":7},"end":{"line":1,"column":17}}},"2":{"name":"(anonymous_2)","line":2,"loc":{"start":{"line":2,"column":23},"end":{"line":2,"column":39}}},"3":{"name":"(anonymous_3)","line":4,"loc":{"start":{"line":4,"column":34},"end":{"line":4,"column":44}}},"4":{"name":"(anonymous_4)","line":5,"loc":{"start":{"line":5,"column":33},"end":{"line":5,"column":43}}},"5":{"name":"(anonymous_5)","line":8,"loc":{"start":{"line":8,"column":23},"end":{"line":8,"column":33}}},"6":{"name":"(anonymous_6)","line":13,"loc":{"start":{"line":13,"column":23},"end":{"line":13,"column":33}}},"7":{"name":"(anonymous_7)","line":19,"loc":{"start":{"line":19,"column":42},"end":{"line":19,"column":86}}},"8":{"name":"(anonymous_8)","line":25,"loc":{"start":{"line":25,"column":49},"end":{"line":25,"column":81}}},"9":{"name":"(anonymous_9)","line":26,"loc":{"start":{"line":26,"column":56},"end":{"line":26,"column":66}}},"10":{"name":"(anonymous_10)","line":31,"loc":{"start":{"line":31,"column":44},"end":{"line":31,"column":64}}},"11":{"name":"(anonymous_11)","line":35,"loc":{"start":{"line":35,"column":53},"end":{"line":35,"column":93}}},"12":{"name":"(anonymous_12)","line":36,"loc":{"start":{"line":36,"column":56},"end":{"line":36,"column":66}}},"13":{"name":"(anonymous_13)","line":40,"loc":{"start":{"line":40,"column":40},"end":{"line":40,"column":64}}},"14":{"name":"(anonymous_14)","line":44,"loc":{"start":{"line":44,"column":37},"end":{"line":44,"column":56}}},"15":{"name":"(anonymous_15)","line":48,"loc":{"start":{"line":48,"column":43},"end":{"line":48,"column":72}}},"16":{"name":"(anonymous_16)","line":52,"loc":{"start":{"line":52,"column":53},"end":{"line":52,"column":72}}}},"statementMap":{"1":{"start":{"line":1,"column":0},"end":{"line":57,"column":3}},"2":{"start":{"line":2,"column":4},"end":{"line":17,"column":6}},"3":{"start":{"line":3,"column":8},"end":{"line":3,"column":38}},"4":{"start":{"line":4,"column":8},"end":{"line":4,"column":47}},"5":{"start":{"line":5,"column":8},"end":{"line":5,"column":46}},"6":{"start":{"line":7,"column":8},"end":{"line":11,"column":10}},"7":{"start":{"line":12,"column":8},"end":{"line":16,"column":10}},"8":{"start":{"line":19,"column":4},"end":{"line":23,"column":6}},"9":{"start":{"line":20,"column":8},"end":{"line":22,"column":9}},"10":{"start":{"line":21,"column":12},"end":{"line":21,"column":48}},"11":{"start":{"line":25,"column":4},"end":{"line":29,"column":6}},"12":{"start":{"line":26,"column":8},"end":{"line":26,"column":70}},"13":{"start":{"line":27,"column":8},"end":{"line":27,"column":46}},"14":{"start":{"line":28,"column":8},"end":{"line":28,"column":36}},"15":{"start":{"line":31,"column":4},"end":{"line":33,"column":6}},"16":{"start":{"line":32,"column":8},"end":{"line":32,"column":64}},"17":{"start":{"line":35,"column":4},"end":{"line":38,"column":6}},"18":{"start":{"line":36,"column":8},"end":{"line":36,"column":70}},"19":{"start":{"line":37,"column":8},"end":{"line":37,"column":58}},"20":{"start":{"line":40,"column":4},"end":{"line":42,"column":6}},"21":{"start":{"line":41,"column":8},"end":{"line":41,"column":64}},"22":{"start":{"line":44,"column":4},"end":{"line":46,"column":6}},"23":{"start":{"line":45,"column":8},"end":{"line":45,"column":31}},"24":{"start":{"line":48,"column":4},"end":{"line":50,"column":6}},"25":{"start":{"line":49,"column":8},"end":{"line":49,"column":41}},"26":{"start":{"line":52,"column":4},"end":{"line":54,"column":6}},"27":{"start":{"line":53,"column":8},"end":{"line":53,"column":36}},"28":{"start":{"line":56,"column":4},"end":{"line":56,"column":24}}},"branchMap":{"1":{"line":20,"type":"if","locations":[{"start":{"line":20,"column":8},"end":{"line":20,"column":8}},{"start":{"line":20,"column":8},"end":{"line":20,"column":8}}]}}},"src/comps/modular-manager.js":{"path":"src/comps/modular-manager.js","s":{"1":2,"2":2,"3":10,"4":10,"5":10,"6":10,"7":2,"8":5,"9":2,"10":14,"11":14,"12":14,"13":14,"14":2,"15":34,"16":2,"17":10,"18":10,"19":10,"20":2,"21":2,"22":2,"23":2,"24":2,"25":2},"b":{"1":[14,0],"2":[10,0],"3":[2,0]},"f":{"1":2,"2":10,"3":5,"4":14,"5":34,"6":10,"7":2},"fnMap":{"1":{"name":"(anonymous_1)","line":4,"loc":{"start":{"line":4,"column":3},"end":{"line":4,"column":27}}},"2":{"name":"(anonymous_2)","line":6,"loc":{"start":{"line":6,"column":25},"end":{"line":6,"column":35}}},"3":{"name":"(anonymous_3)","line":14,"loc":{"start":{"line":14,"column":49},"end":{"line":14,"column":81}}},"4":{"name":"(anonymous_4)","line":19,"loc":{"start":{"line":19,"column":41},"end":{"line":19,"column":79}}},"5":{"name":"(anonymous_5)","line":28,"loc":{"start":{"line":28,"column":41},"end":{"line":28,"column":61}}},"6":{"name":"(anonymous_6)","line":33,"loc":{"start":{"line":33,"column":41},"end":{"line":33,"column":81}}},"7":{"name":"(anonymous_7)","line":40,"loc":{"start":{"line":40,"column":52},"end":{"line":40,"column":100}}}},"statementMap":{"1":{"start":{"line":1,"column":0},"end":{"line":49,"column":3}},"2":{"start":{"line":6,"column":4},"end":{"line":11,"column":6}},"3":{"start":{"line":7,"column":8},"end":{"line":7,"column":26}},"4":{"start":{"line":8,"column":8},"end":{"line":8,"column":33}},"5":{"start":{"line":9,"column":8},"end":{"line":9,"column":31}},"6":{"start":{"line":10,"column":8},"end":{"line":10,"column":48}},"7":{"start":{"line":14,"column":4},"end":{"line":16,"column":6}},"8":{"start":{"line":15,"column":8},"end":{"line":15,"column":51}},"9":{"start":{"line":19,"column":4},"end":{"line":25,"column":6}},"10":{"start":{"line":20,"column":8},"end":{"line":20,"column":35}},"11":{"start":{"line":21,"column":8},"end":{"line":24,"column":9}},"12":{"start":{"line":22,"column":12},"end":{"line":22,"column":65}},"13":{"start":{"line":23,"column":12},"end":{"line":23,"column":57}},"14":{"start":{"line":28,"column":4},"end":{"line":30,"column":6}},"15":{"start":{"line":29,"column":8},"end":{"line":29,"column":40}},"16":{"start":{"line":33,"column":4},"end":{"line":38,"column":6}},"17":{"start":{"line":34,"column":8},"end":{"line":34,"column":48}},"18":{"start":{"line":35,"column":8},"end":{"line":37,"column":9}},"19":{"start":{"line":36,"column":12},"end":{"line":36,"column":45}},"20":{"start":{"line":40,"column":4},"end":{"line":45,"column":6}},"21":{"start":{"line":41,"column":8},"end":{"line":41,"column":48}},"22":{"start":{"line":42,"column":8},"end":{"line":44,"column":9}},"23":{"start":{"line":43,"column":12},"end":{"line":43,"column":58}},"24":{"start":{"line":47,"column":4},"end":{"line":47,"column":53}},"25":{"start":{"line":48,"column":4},"end":{"line":48,"column":26}}},"branchMap":{"1":{"line":21,"type":"if","locations":[{"start":{"line":21,"column":8},"end":{"line":21,"column":8}},{"start":{"line":21,"column":8},"end":{"line":21,"column":8}}]},"2":{"line":35,"type":"if","locations":[{"start":{"line":35,"column":8},"end":{"line":35,"column":8}},{"start":{"line":35,"column":8},"end":{"line":35,"column":8}}]},"3":{"line":42,"type":"if","locations":[{"start":{"line":42,"column":8},"end":{"line":42,"column":8}},{"start":{"line":42,"column":8},"end":{"line":42,"column":8}}]}}},"src/core.js":{"path":"src/core.js","s":{"1":2,"2":2,"3":2,"4":2,"5":1,"6":2,"7":1,"8":1,"9":1,"10":0,"11":1,"12":2,"13":4,"14":3,"15":3,"16":0,"17":3,"18":2,"19":4,"20":4,"21":3,"22":3,"23":3,"24":3,"25":3,"26":3,"27":3,"28":0,"29":0,"30":0,"31":1,"32":1,"33":2},"b":{"1":[0,1],"2":[0,3],"3":[3,0]},"f":{"1":2,"2":2,"3":1,"4":1,"5":4,"6":3,"7":4,"8":3,"9":3,"10":3,"11":0,"12":1,"13":1},"fnMap":{"1":{"name":"(anonymous_1)","line":8,"loc":{"start":{"line":8,"column":3},"end":{"line":8,"column":18}}},"2":{"name":"(anonymous_2)","line":18,"loc":{"start":{"line":18,"column":21},"end":{"line":18,"column":31}}},"3":{"name":"(anonymous_3)","line":20,"loc":{"start":{"line":20,"column":54},"end":{"line":20,"column":109}}},"4":{"name":"(anonymous_4)","line":24,"loc":{"start":{"line":24,"column":55},"end":{"line":24,"column":65}}},"5":{"name":"(anonymous_5)","line":35,"loc":{"start":{"line":35,"column":37},"end":{"line":35,"column":78}}},"6":{"name":"(anonymous_6)","line":38,"loc":{"start":{"line":38,"column":33},"end":{"line":38,"column":53}}},"7":{"name":"(anonymous_7)","line":47,"loc":{"start":{"line":47,"column":23},"end":{"line":47,"column":74}}},"8":{"name":"(anonymous_8)","line":51,"loc":{"start":{"line":51,"column":23},"end":{"line":51,"column":62}}},"9":{"name":"(anonymous_9)","line":55,"loc":{"start":{"line":55,"column":42},"end":{"line":55,"column":56}}},"10":{"name":"(anonymous_10)","line":56,"loc":{"start":{"line":56,"column":69},"end":{"line":56,"column":79}}},"11":{"name":"(anonymous_11)","line":59,"loc":{"start":{"line":59,"column":27},"end":{"line":59,"column":37}}},"12":{"name":"(anonymous_12)","line":68,"loc":{"start":{"line":68,"column":27},"end":{"line":68,"column":45}}},"13":{"name":"(anonymous_13)","line":71,"loc":{"start":{"line":71,"column":27},"end":{"line":71,"column":48}}}},"statementMap":{"1":{"start":{"line":1,"column":0},"end":{"line":78,"column":3}},"2":{"start":{"line":10,"column":4},"end":{"line":16,"column":25}},"3":{"start":{"line":18,"column":4},"end":{"line":75,"column":9}},"4":{"start":{"line":20,"column":8},"end":{"line":22,"column":11}},"5":{"start":{"line":21,"column":12},"end":{"line":21,"column":85}},"6":{"start":{"line":24,"column":8},"end":{"line":32,"column":11}},"7":{"start":{"line":25,"column":12},"end":{"line":25,"column":63}},"8":{"start":{"line":26,"column":12},"end":{"line":26,"column":46}},"9":{"start":{"line":27,"column":12},"end":{"line":29,"column":13}},"10":{"start":{"line":28,"column":16},"end":{"line":28,"column":51}},"11":{"start":{"line":31,"column":12},"end":{"line":31,"column":63}},"12":{"start":{"line":35,"column":8},"end":{"line":44,"column":10}},"13":{"start":{"line":36,"column":12},"end":{"line":36,"column":65}},"14":{"start":{"line":39,"column":12},"end":{"line":39,"column":41}},"15":{"start":{"line":40,"column":12},"end":{"line":42,"column":13}},"16":{"start":{"line":41,"column":16},"end":{"line":41,"column":69}},"17":{"start":{"line":43,"column":12},"end":{"line":43,"column":39}},"18":{"start":{"line":46,"column":8},"end":{"line":74,"column":10}},"19":{"start":{"line":48,"column":16},"end":{"line":48,"column":64}},"20":{"start":{"line":49,"column":16},"end":{"line":49,"column":74}},"21":{"start":{"line":52,"column":16},"end":{"line":52,"column":69}},"22":{"start":{"line":53,"column":16},"end":{"line":66,"column":17}},"23":{"start":{"line":54,"column":20},"end":{"line":54,"column":79}},"24":{"start":{"line":55,"column":20},"end":{"line":63,"column":23}},"25":{"start":{"line":56,"column":24},"end":{"line":62,"column":27}},"26":{"start":{"line":57,"column":28},"end":{"line":57,"column":87}},"27":{"start":{"line":58,"column":28},"end":{"line":58,"column":35}},"28":{"start":{"line":60,"column":28},"end":{"line":60,"column":95}},"29":{"start":{"line":61,"column":28},"end":{"line":61,"column":35}},"30":{"start":{"line":65,"column":20},"end":{"line":65,"column":84}},"31":{"start":{"line":69,"column":16},"end":{"line":69,"column":61}},"32":{"start":{"line":72,"column":16},"end":{"line":72,"column":64}},"33":{"start":{"line":77,"column":4},"end":{"line":77,"column":17}}},"branchMap":{"1":{"line":27,"type":"if","locations":[{"start":{"line":27,"column":12},"end":{"line":27,"column":12}},{"start":{"line":27,"column":12},"end":{"line":27,"column":12}}]},"2":{"line":40,"type":"if","locations":[{"start":{"line":40,"column":12},"end":{"line":40,"column":12}},{"start":{"line":40,"column":12},"end":{"line":40,"column":12}}]},"3":{"line":53,"type":"if","locations":[{"start":{"line":53,"column":16},"end":{"line":53,"column":16}},{"start":{"line":53,"column":16},"end":{"line":53,"column":16}}]}}},"src/comps/modular.js":{"path":"src/comps/modular.js","s":{"1":3,"2":3,"3":19,"4":19,"5":19,"6":3,"7":18,"8":3,"9":13,"10":13,"11":12,"12":12,"13":0,"14":0,"15":3,"16":12,"17":12,"18":12,"19":13,"20":13,"21":12,"22":12,"23":3,"24":12,"25":12,"26":0,"27":12,"28":3,"29":12,"30":12,"31":12,"32":12,"33":3,"34":15,"35":3,"36":6,"37":3,"38":3},"b":{"1":[13,0],"2":[0,12],"3":[12,0]},"f":{"1":3,"2":19,"3":18,"4":13,"5":12,"6":12,"7":12,"8":12,"9":15,"10":6},"fnMap":{"1":{"name":"(anonymous_1)","line":3,"loc":{"start":{"line":3,"column":3},"end":{"line":3,"column":18}}},"2":{"name":"(anonymous_2)","line":6,"loc":{"start":{"line":6,"column":18},"end":{"line":6,"column":40}}},"3":{"name":"(anonymous_3)","line":13,"loc":{"start":{"line":13,"column":31},"end":{"line":13,"column":57}}},"4":{"name":"(anonymous_4)","line":18,"loc":{"start":{"line":18,"column":50},"end":{"line":18,"column":86}}},"5":{"name":"(anonymous_5)","line":20,"loc":{"start":{"line":20,"column":19},"end":{"line":20,"column":29}}},"6":{"name":"(anonymous_6)","line":33,"loc":{"start":{"line":33,"column":30},"end":{"line":33,"column":50}}},"7":{"name":"(anonymous_7)","line":44,"loc":{"start":{"line":44,"column":46},"end":{"line":44,"column":74}}},"8":{"name":"(anonymous_8)","line":52,"loc":{"start":{"line":52,"column":46},"end":{"line":52,"column":66}}},"9":{"name":"(anonymous_9)","line":60,"loc":{"start":{"line":60,"column":40},"end":{"line":60,"column":60}}},"10":{"name":"(anonymous_10)","line":64,"loc":{"start":{"line":64,"column":40},"end":{"line":64,"column":50}}}},"statementMap":{"1":{"start":{"line":1,"column":0},"end":{"line":70,"column":3}},"2":{"start":{"line":6,"column":4},"end":{"line":10,"column":6}},"3":{"start":{"line":7,"column":8},"end":{"line":7,"column":41}},"4":{"start":{"line":8,"column":8},"end":{"line":8,"column":33}},"5":{"start":{"line":9,"column":8},"end":{"line":9,"column":29}},"6":{"start":{"line":13,"column":4},"end":{"line":15,"column":6}},"7":{"start":{"line":14,"column":8},"end":{"line":14,"column":49}},"8":{"start":{"line":18,"column":4},"end":{"line":30,"column":6}},"9":{"start":{"line":19,"column":8},"end":{"line":29,"column":9}},"10":{"start":{"line":20,"column":12},"end":{"line":26,"column":14}},"11":{"start":{"line":21,"column":16},"end":{"line":25,"column":17}},"12":{"start":{"line":22,"column":20},"end":{"line":22,"column":63}},"13":{"start":{"line":24,"column":20},"end":{"line":24,"column":66}},"14":{"start":{"line":28,"column":12},"end":{"line":28,"column":32}},"15":{"start":{"line":33,"column":4},"end":{"line":42,"column":6}},"16":{"start":{"line":34,"column":8},"end":{"line":34,"column":60}},"17":{"start":{"line":35,"column":8},"end":{"line":35,"column":70}},"18":{"start":{"line":36,"column":8},"end":{"line":39,"column":9}},"19":{"start":{"line":37,"column":12},"end":{"line":37,"column":54}},"20":{"start":{"line":38,"column":12},"end":{"line":38,"column":96}},"21":{"start":{"line":40,"column":8},"end":{"line":40,"column":45}},"22":{"start":{"line":41,"column":8},"end":{"line":41,"column":43}},"23":{"start":{"line":44,"column":4},"end":{"line":50,"column":6}},"24":{"start":{"line":45,"column":8},"end":{"line":45,"column":31}},"25":{"start":{"line":46,"column":8},"end":{"line":48,"column":9}},"26":{"start":{"line":47,"column":12},"end":{"line":47,"column":47}},"27":{"start":{"line":49,"column":8},"end":{"line":49,"column":29}},"28":{"start":{"line":52,"column":4},"end":{"line":58,"column":6}},"29":{"start":{"line":53,"column":8},"end":{"line":53,"column":51}},"30":{"start":{"line":54,"column":8},"end":{"line":57,"column":9}},"31":{"start":{"line":55,"column":12},"end":{"line":55,"column":40}},"32":{"start":{"line":56,"column":12},"end":{"line":56,"column":46}},"33":{"start":{"line":60,"column":4},"end":{"line":62,"column":6}},"34":{"start":{"line":61,"column":8},"end":{"line":61,"column":33}},"35":{"start":{"line":64,"column":4},"end":{"line":66,"column":6}},"36":{"start":{"line":65,"column":8},"end":{"line":65,"column":27}},"37":{"start":{"line":68,"column":4},"end":{"line":68,"column":39}},"38":{"start":{"line":69,"column":4},"end":{"line":69,"column":19}}},"branchMap":{"1":{"line":19,"type":"if","locations":[{"start":{"line":19,"column":8},"end":{"line":19,"column":8}},{"start":{"line":19,"column":8},"end":{"line":19,"column":8}}]},"2":{"line":46,"type":"if","locations":[{"start":{"line":46,"column":8},"end":{"line":46,"column":8}},{"start":{"line":46,"column":8},"end":{"line":46,"column":8}}]},"3":{"line":54,"type":"if","locations":[{"start":{"line":54,"column":8},"end":{"line":54,"column":8}},{"start":{"line":54,"column":8},"end":{"line":54,"column":8}}]}}},"src/comps/sequential.js":{"path":"src/comps/sequential.js","s":{"1":2,"2":2,"3":3,"4":3,"5":2,"6":6,"7":2,"8":23,"9":2,"10":6,"11":6,"12":6,"13":6,"14":6,"15":0,"16":6,"17":8,"18":2,"19":6,"20":6,"21":6,"22":6,"23":6,"24":6,"25":2,"26":23,"27":2,"28":12,"29":27,"30":23,"31":23,"32":8,"33":15,"34":15,"35":12,"36":2,"37":2},"b":{"1":[0,6],"2":[2,6],"3":[23,4],"4":[8,15]},"f":{"1":2,"2":3,"3":6,"4":23,"5":6,"6":6,"7":8,"8":23,"9":12,"10":27},"fnMap":{"1":{"name":"(anonymous_1)","line":3,"loc":{"start":{"line":3,"column":3},"end":{"line":3,"column":18}}},"2":{"name":"(anonymous_2)","line":5,"loc":{"start":{"line":5,"column":21},"end":{"line":5,"column":31}}},"3":{"name":"(anonymous_3)","line":10,"loc":{"start":{"line":10,"column":38},"end":{"line":10,"column":48}}},"4":{"name":"(anonymous_4)","line":14,"loc":{"start":{"line":14,"column":39},"end":{"line":14,"column":51}}},"5":{"name":"(anonymous_5)","line":18,"loc":{"start":{"line":18,"column":35},"end":{"line":18,"column":67}}},"6":{"name":"(anonymous_6)","line":24,"loc":{"start":{"line":24,"column":22},"end":{"line":24,"column":50}}},"7":{"name":"(anonymous_7)","line":31,"loc":{"start":{"line":31,"column":18},"end":{"line":31,"column":28}}},"8":{"name":"(anonymous_8)","line":45,"loc":{"start":{"line":45,"column":41},"end":{"line":45,"column":53}}},"9":{"name":"(anonymous_9)","line":49,"loc":{"start":{"line":49,"column":41},"end":{"line":49,"column":51}}},"10":{"name":"(anonymous_10)","line":52,"loc":{"start":{"line":52,"column":23},"end":{"line":52,"column":42}}}},"statementMap":{"1":{"start":{"line":1,"column":0},"end":{"line":68,"column":3}},"2":{"start":{"line":5,"column":4},"end":{"line":8,"column":6}},"3":{"start":{"line":6,"column":8},"end":{"line":6,"column":36}},"4":{"start":{"line":7,"column":8},"end":{"line":7,"column":34}},"5":{"start":{"line":10,"column":4},"end":{"line":12,"column":6}},"6":{"start":{"line":11,"column":8},"end":{"line":11,"column":43}},"7":{"start":{"line":14,"column":4},"end":{"line":16,"column":6}},"8":{"start":{"line":15,"column":8},"end":{"line":15,"column":42}},"9":{"start":{"line":18,"column":4},"end":{"line":43,"column":6}},"10":{"start":{"line":19,"column":8},"end":{"line":19,"column":24}},"11":{"start":{"line":20,"column":8},"end":{"line":20,"column":35}},"12":{"start":{"line":21,"column":8},"end":{"line":38,"column":10}},"13":{"start":{"line":25,"column":16},"end":{"line":25,"column":44}},"14":{"start":{"line":26,"column":16},"end":{"line":28,"column":17}},"15":{"start":{"line":27,"column":20},"end":{"line":27,"column":50}},"16":{"start":{"line":29,"column":16},"end":{"line":29,"column":37}},"17":{"start":{"line":32,"column":16},"end":{"line":34,"column":17}},"18":{"start":{"line":33,"column":20},"end":{"line":33,"column":27}},"19":{"start":{"line":35,"column":16},"end":{"line":35,"column":54}},"20":{"start":{"line":36,"column":16},"end":{"line":36,"column":73}},"21":{"start":{"line":39,"column":8},"end":{"line":39,"column":50}},"22":{"start":{"line":40,"column":8},"end":{"line":40,"column":58}},"23":{"start":{"line":41,"column":8},"end":{"line":41,"column":29}},"24":{"start":{"line":42,"column":8},"end":{"line":42,"column":20}},"25":{"start":{"line":45,"column":4},"end":{"line":47,"column":6}},"26":{"start":{"line":46,"column":8},"end":{"line":46,"column":50}},"27":{"start":{"line":49,"column":4},"end":{"line":64,"column":6}},"28":{"start":{"line":50,"column":8},"end":{"line":62,"column":14}},"29":{"start":{"line":53,"column":16},"end":{"line":61,"column":17}},"30":{"start":{"line":54,"column":20},"end":{"line":54,"column":62}},"31":{"start":{"line":55,"column":20},"end":{"line":60,"column":21}},"32":{"start":{"line":56,"column":24},"end":{"line":56,"column":43}},"33":{"start":{"line":58,"column":24},"end":{"line":58,"column":32}},"34":{"start":{"line":59,"column":24},"end":{"line":59,"column":44}},"35":{"start":{"line":63,"column":8},"end":{"line":63,"column":39}},"36":{"start":{"line":66,"column":4},"end":{"line":66,"column":45}},"37":{"start":{"line":67,"column":4},"end":{"line":67,"column":22}}},"branchMap":{"1":{"line":26,"type":"if","locations":[{"start":{"line":26,"column":16},"end":{"line":26,"column":16}},{"start":{"line":26,"column":16},"end":{"line":26,"column":16}}]},"2":{"line":32,"type":"if","locations":[{"start":{"line":32,"column":16},"end":{"line":32,"column":16}},{"start":{"line":32,"column":16},"end":{"line":32,"column":16}}]},"3":{"line":53,"type":"if","locations":[{"start":{"line":53,"column":16},"end":{"line":53,"column":16}},{"start":{"line":53,"column":16},"end":{"line":53,"column":16}}]},"4":{"line":55,"type":"if","locations":[{"start":{"line":55,"column":20},"end":{"line":55,"column":20}},{"start":{"line":55,"column":20},"end":{"line":55,"column":20}}]}}},"src/yoson.js":{"path":"src/yoson.js","s":{"1":1,"2":1,"3":1,"4":1,"5":1,"6":0,"7":0,"8":0,"9":0,"10":0,"11":1},"b":{"1":[1,0]},"f":{"1":1,"2":0},"fnMap":{"1":{"name":"(anonymous_1)","line":1,"loc":{"start":{"line":1,"column":7},"end":{"line":1,"column":17}}},"2":{"name":"(anonymous_2)","line":9,"loc":{"start":{"line":9,"column":16},"end":{"line":9,"column":26}}}},"statementMap":{"1":{"start":{"line":1,"column":0},"end":{"line":22,"column":3}},"2":{"start":{"line":3,"column":4},"end":{"line":5,"column":5}},"3":{"start":{"line":4,"column":8},"end":{"line":4,"column":23}},"4":{"start":{"line":7,"column":4},"end":{"line":7,"column":26}},"5":{"start":{"line":9,"column":4},"end":{"line":19,"column":6}},"6":{"start":{"line":10,"column":8},"end":{"line":18,"column":9}},"7":{"start":{"line":11,"column":12},"end":{"line":11,"column":50}},"8":{"start":{"line":13,"column":12},"end":{"line":17,"column":13}},"9":{"start":{"line":14,"column":16},"end":{"line":14,"column":56}},"10":{"start":{"line":16,"column":16},"end":{"line":16,"column":65}},"11":{"start":{"line":21,"column":4},"end":{"line":21,"column":17}}},"branchMap":{"1":{"line":3,"type":"if","locations":[{"start":{"line":3,"column":4},"end":{"line":3,"column":4}},{"start":{"line":3,"column":4},"end":{"line":3,"column":4}}]}}},"src/comps/loader.js":{"path":"src/comps/loader.js","s":{"1":2,"2":2,"3":7,"4":2,"5":7,"6":7,"7":7,"8":7,"9":7,"10":5,"11":5,"12":3,"13":3,"14":1,"15":2,"16":21,"17":21,"18":9,"19":21,"20":2,"21":7,"22":7,"23":7,"24":7,"25":5,"26":5,"27":5,"28":5,"29":2,"30":2,"31":5,"32":5,"33":3,"34":3,"35":3,"36":2,"37":2,"38":3,"39":3,"40":1,"41":1,"42":2,"43":2,"44":2},"b":{"1":[9,12],"2":[5,2],"3":[3,2],"4":[1,2]},"f":{"1":2,"2":7,"3":7,"4":5,"5":3,"6":1,"7":21,"8":7,"9":5,"10":3},"fnMap":{"1":{"name":"(anonymous_1)","line":5,"loc":{"start":{"line":5,"column":4},"end":{"line":5,"column":33}}},"2":{"name":"(anonymous_2)","line":7,"loc":{"start":{"line":7,"column":17},"end":{"line":7,"column":33}}},"3":{"name":"(anonymous_3)","line":11,"loc":{"start":{"line":11,"column":28},"end":{"line":11,"column":76}}},"4":{"name":"(anonymous_4)","line":18,"loc":{"start":{"line":18,"column":47},"end":{"line":18,"column":68}}},"5":{"name":"(anonymous_5)","line":20,"loc":{"start":{"line":20,"column":59},"end":{"line":20,"column":84}}},"6":{"name":"(anonymous_6)","line":22,"loc":{"start":{"line":22,"column":55},"end":{"line":22,"column":76}}},"7":{"name":"(anonymous_7)","line":29,"loc":{"start":{"line":29,"column":38},"end":{"line":29,"column":57}}},"8":{"name":"(anonymous_8)","line":37,"loc":{"start":{"line":37,"column":38},"end":{"line":37,"column":73}}},"9":{"name":"(anonymous_9)","line":54,"loc":{"start":{"line":54,"column":42},"end":{"line":54,"column":85}}},"10":{"name":"(anonymous_10)","line":68,"loc":{"start":{"line":68,"column":38},"end":{"line":68,"column":73}}}},"statementMap":{"1":{"start":{"line":2,"column":0},"end":{"line":83,"column":3}},"2":{"start":{"line":7,"column":4},"end":{"line":9,"column":6}},"3":{"start":{"line":8,"column":8},"end":{"line":8,"column":50}},"4":{"start":{"line":11,"column":4},"end":{"line":27,"column":6}},"5":{"start":{"line":13,"column":8},"end":{"line":13,"column":64}},"6":{"start":{"line":14,"column":8},"end":{"line":14,"column":72}},"7":{"start":{"line":15,"column":8},"end":{"line":15,"column":64}},"8":{"start":{"line":16,"column":8},"end":{"line":16,"column":39}},"9":{"start":{"line":18,"column":8},"end":{"line":26,"column":11}},"10":{"start":{"line":19,"column":12},"end":{"line":19,"column":41}},"11":{"start":{"line":20,"column":12},"end":{"line":25,"column":15}},"12":{"start":{"line":21,"column":16},"end":{"line":21,"column":45}},"13":{"start":{"line":22,"column":16},"end":{"line":24,"column":19}},"14":{"start":{"line":23,"column":20},"end":{"line":23,"column":34}},"15":{"start":{"line":29,"column":4},"end":{"line":35,"column":6}},"16":{"start":{"line":30,"column":8},"end":{"line":30,"column":24}},"17":{"start":{"line":31,"column":8},"end":{"line":33,"column":9}},"18":{"start":{"line":32,"column":12},"end":{"line":32,"column":31}},"19":{"start":{"line":34,"column":8},"end":{"line":34,"column":22}},"20":{"start":{"line":37,"column":4},"end":{"line":52,"column":6}},"21":{"start":{"line":38,"column":8},"end":{"line":38,"column":39}},"22":{"start":{"line":39,"column":8},"end":{"line":39,"column":56}},"23":{"start":{"line":40,"column":8},"end":{"line":40,"column":33}},"24":{"start":{"line":42,"column":8},"end":{"line":51,"column":9}},"25":{"start":{"line":43,"column":12},"end":{"line":43,"column":49}},"26":{"start":{"line":45,"column":12},"end":{"line":45,"column":62}},"27":{"start":{"line":46,"column":12},"end":{"line":46,"column":49}},"28":{"start":{"line":48,"column":12},"end":{"line":48,"column":45}},"29":{"start":{"line":50,"column":12},"end":{"line":50,"column":57}},"30":{"start":{"line":54,"column":4},"end":{"line":66,"column":6}},"31":{"start":{"line":55,"column":8},"end":{"line":56,"column":64}},"32":{"start":{"line":58,"column":8},"end":{"line":65,"column":9}},"33":{"start":{"line":59,"column":12},"end":{"line":59,"column":61}},"34":{"start":{"line":60,"column":12},"end":{"line":60,"column":49}},"35":{"start":{"line":62,"column":12},"end":{"line":62,"column":53}},"36":{"start":{"line":64,"column":12},"end":{"line":64,"column":61}},"37":{"start":{"line":68,"column":4},"end":{"line":78,"column":6}},"38":{"start":{"line":69,"column":8},"end":{"line":70,"column":56}},"39":{"start":{"line":72,"column":8},"end":{"line":77,"column":9}},"40":{"start":{"line":73,"column":12},"end":{"line":73,"column":49}},"41":{"start":{"line":74,"column":12},"end":{"line":74,"column":45}},"42":{"start":{"line":76,"column":12},"end":{"line":76,"column":57}},"43":{"start":{"line":80,"column":4},"end":{"line":80,"column":37}},"44":{"start":{"line":82,"column":4},"end":{"line":82,"column":18}}},"branchMap":{"1":{"line":31,"type":"if","locations":[{"start":{"line":31,"column":8},"end":{"line":31,"column":8}},{"start":{"line":31,"column":8},"end":{"line":31,"column":8}}]},"2":{"line":42,"type":"if","locations":[{"start":{"line":42,"column":8},"end":{"line":42,"column":8}},{"start":{"line":42,"column":8},"end":{"line":42,"column":8}}]},"3":{"line":58,"type":"if","locations":[{"start":{"line":58,"column":8},"end":{"line":58,"column":8}},{"start":{"line":58,"column":8},"end":{"line":58,"column":8}}]},"4":{"line":72,"type":"if","locations":[{"start":{"line":72,"column":8},"end":{"line":72,"column":8}},{"start":{"line":72,"column":8},"end":{"line":72,"column":8}}]}}},"src/comps/single-promise.js":{"path":"src/comps/single-promise.js","s":{"1":3,"2":3,"3":4,"4":4,"5":3,"6":4,"7":2,"8":3,"9":4,"10":4,"11":2,"12":3,"13":2,"14":2,"15":2,"16":2,"17":0,"18":0,"19":0,"20":0,"21":2,"22":2,"23":3,"24":0,"25":0,"26":0,"27":3,"28":3},"b":{"1":[0,2],"2":[0,0]},"f":{"1":3,"2":4,"3":4,"4":4,"5":2,"6":2,"7":2,"8":0,"9":0,"10":0,"11":0},"fnMap":{"1":{"name":"(anonymous_1)","line":3,"loc":{"start":{"line":3,"column":3},"end":{"line":3,"column":18}}},"2":{"name":"(anonymous_2)","line":5,"loc":{"start":{"line":5,"column":24},"end":{"line":5,"column":34}}},"3":{"name":"(anonymous_3)","line":13,"loc":{"start":{"line":13,"column":47},"end":{"line":13,"column":86}}},"4":{"name":"(anonymous_4)","line":19,"loc":{"start":{"line":19,"column":35},"end":{"line":19,"column":45}}},"5":{"name":"(anonymous_5)","line":22,"loc":{"start":{"line":22,"column":57},"end":{"line":22,"column":85}}},"6":{"name":"(anonymous_6)","line":28,"loc":{"start":{"line":28,"column":35},"end":{"line":28,"column":70}}},"7":{"name":"(anonymous_7)","line":32,"loc":{"start":{"line":32,"column":23},"end":{"line":32,"column":33}}},"8":{"name":"(anonymous_8)","line":39,"loc":{"start":{"line":39,"column":20},"end":{"line":39,"column":30}}},"9":{"name":"(anonymous_9)","line":44,"loc":{"start":{"line":44,"column":20},"end":{"line":44,"column":30}}},"10":{"name":"(anonymous_10)","line":53,"loc":{"start":{"line":53,"column":35},"end":{"line":53,"column":53}}},"11":{"name":"(anonymous_11)","line":55,"loc":{"start":{"line":55,"column":54},"end":{"line":55,"column":82}}}},"statementMap":{"1":{"start":{"line":1,"column":0},"end":{"line":62,"column":3}},"2":{"start":{"line":5,"column":4},"end":{"line":11,"column":6}},"3":{"start":{"line":6,"column":8},"end":{"line":9,"column":10}},"4":{"start":{"line":10,"column":8},"end":{"line":10,"column":32}},"5":{"start":{"line":13,"column":4},"end":{"line":17,"column":6}},"6":{"start":{"line":14,"column":8},"end":{"line":16,"column":9}},"7":{"start":{"line":15,"column":12},"end":{"line":15,"column":68}},"8":{"start":{"line":19,"column":4},"end":{"line":25,"column":6}},"9":{"start":{"line":20,"column":8},"end":{"line":20,"column":29}},"10":{"start":{"line":22,"column":8},"end":{"line":24,"column":11}},"11":{"start":{"line":23,"column":12},"end":{"line":23,"column":42}},"12":{"start":{"line":28,"column":4},"end":{"line":50,"column":6}},"13":{"start":{"line":29,"column":8},"end":{"line":29,"column":39}},"14":{"start":{"line":31,"column":8},"end":{"line":47,"column":10}},"15":{"start":{"line":33,"column":16},"end":{"line":33,"column":55}},"16":{"start":{"line":34,"column":16},"end":{"line":36,"column":17}},"17":{"start":{"line":35,"column":20},"end":{"line":35,"column":57}},"18":{"start":{"line":40,"column":16},"end":{"line":42,"column":17}},"19":{"start":{"line":41,"column":20},"end":{"line":41,"column":43}},"20":{"start":{"line":45,"column":16},"end":{"line":45,"column":40}},"21":{"start":{"line":48,"column":8},"end":{"line":48,"column":32}},"22":{"start":{"line":49,"column":8},"end":{"line":49,"column":20}},"23":{"start":{"line":53,"column":4},"end":{"line":58,"column":6}},"24":{"start":{"line":54,"column":8},"end":{"line":54,"column":29}},"25":{"start":{"line":55,"column":8},"end":{"line":57,"column":11}},"26":{"start":{"line":56,"column":12},"end":{"line":56,"column":52}},"27":{"start":{"line":60,"column":4},"end":{"line":60,"column":51}},"28":{"start":{"line":61,"column":4},"end":{"line":61,"column":25}}},"branchMap":{"1":{"line":34,"type":"if","locations":[{"start":{"line":34,"column":16},"end":{"line":34,"column":16}},{"start":{"line":34,"column":16},"end":{"line":34,"column":16}}]},"2":{"line":40,"type":"if","locations":[{"start":{"line":40,"column":16},"end":{"line":40,"column":16}},{"start":{"line":40,"column":16},"end":{"line":40,"column":16}}]}}}}