TN:
SF:src/comps/communicator.js
FN:3,(anonymous_1)
FN:6,(anonymous_2)
FN:10,(anonymous_3)
FN:12,(anonymous_4)
FN:13,(anonymous_5)
FN:18,(anonymous_6)
FN:20,(anonymous_7)
FN:25,(anonymous_8)
FN:28,(anonymous_9)
FN:36,(anonymous_10)
FN:38,(anonymous_11)
FN:40,(anonymous_12)
FN:43,(anonymous_13)
FN:51,(anonymous_14)
FN:55,(anonymous_15)
FN:63,(anonymous_16)
FN:67,(anonymous_17)
FN:74,(anonymous_18)
FNF:18
FNH:15
FNDA:2,(anonymous_1)
FNDA:57,(anonymous_2)
FNDA:6,(anonymous_3)
FNDA:0,(anonymous_4)
FNDA:6,(anonymous_5)
FNDA:3,(anonymous_6)
FNDA:3,(anonymous_7)
FNDA:0,(anonymous_8)
FNDA:5,(anonymous_9)
FNDA:1,(anonymous_10)
FNDA:1,(anonymous_11)
FNDA:0,(anonymous_12)
FNDA:10,(anonymous_13)
FNDA:2,(anonymous_14)
FNDA:16,(anonymous_15)
FNDA:25,(anonymous_16)
FNDA:12,(anonymous_17)
FNDA:12,(anonymous_18)
DA:1,2
DA:6,2
DA:7,57
DA:10,2
DA:11,6
DA:12,6
DA:14,6
DA:18,2
DA:19,3
DA:20,3
DA:21,3
DA:24,3
DA:28,2
DA:29,5
DA:30,5
DA:31,3
DA:33,5
DA:36,2
DA:37,1
DA:38,1
DA:39,1
DA:43,2
DA:44,10
DA:45,10
DA:46,10
DA:47,10
DA:48,10
DA:51,2
DA:52,2
DA:55,2
DA:56,16
DA:57,16
DA:58,8
DA:60,16
DA:63,2
DA:64,25
DA:67,2
DA:68,12
DA:69,12
DA:70,12
DA:74,2
DA:75,12
DA:76,12
DA:77,5
DA:78,5
DA:80,7
DA:84,2
DA:85,2
LF:48
LH:48
BRDA:30,1,0,3
BRDA:30,1,1,2
BRDA:57,2,0,8
BRDA:57,2,1,8
BRDA:76,3,0,5
BRDA:76,3,1,7
BRF:6
BRH:6
end_of_record
TN:
SF:src/comps/dependency-manager.js
FN:5,(anonymous_1)
FN:23,(anonymous_2)
FN:41,(anonymous_3)
FN:53,(anonymous_4)
FN:64,(anonymous_5)
FN:76,(anonymous_6)
FN:90,(anonymous_7)
FN:107,(anonymous_8)
FN:117,(anonymous_9)
FN:126,(anonymous_10)
FN:136,(anonymous_11)
FN:139,(anonymous_12)
FN:154,(anonymous_13)
FN:157,(anonymous_14)
FN:160,(anonymous_15)
FN:177,(anonymous_16)
FN:188,(anonymous_17)
FN:198,(anonymous_18)
FNF:18
FNH:16
FNDA:2,(anonymous_1)
FNDA:14,(anonymous_2)
FNDA:8,(anonymous_3)
FNDA:1,(anonymous_4)
FNDA:9,(anonymous_5)
FNDA:2,(anonymous_6)
FNDA:3,(anonymous_7)
FNDA:4,(anonymous_8)
FNDA:7,(anonymous_9)
FNDA:4,(anonymous_10)
FNDA:4,(anonymous_11)
FNDA:0,(anonymous_12)
FNDA:4,(anonymous_13)
FNDA:5,(anonymous_14)
FNDA:1,(anonymous_15)
FNDA:1,(anonymous_16)
FNDA:5,(anonymous_17)
FNDA:0,(anonymous_18)
DA:1,2
DA:23,2
DA:24,14
DA:25,14
DA:27,14
DA:41,2
DA:42,8
DA:53,2
DA:54,1
DA:64,2
DA:65,9
DA:76,2
DA:77,2
DA:78,2
DA:79,2
DA:81,2
DA:90,2
DA:91,3
DA:93,3
DA:94,2
DA:96,1
DA:98,3
DA:107,2
DA:108,4
DA:109,4
DA:117,2
DA:118,7
DA:126,2
DA:127,4
DA:128,4
DA:129,4
DA:130,0
DA:133,4
DA:135,4
DA:137,4
DA:140,0
DA:143,4
DA:145,4
DA:154,2
DA:155,4
DA:157,4
DA:158,5
DA:159,1
DA:160,1
DA:161,1
DA:162,1
DA:165,4
DA:168,4
DA:177,2
DA:178,1
DA:179,1
DA:188,2
DA:189,5
DA:198,2
DA:199,0
DA:202,2
DA:203,2
LF:57
LH:54
BRDA:28,1,0,14
BRDA:28,1,1,14
BRDA:29,2,0,14
BRDA:29,2,1,14
BRDA:78,3,0,2
BRDA:78,3,1,0
BRDA:93,4,0,2
BRDA:93,4,1,1
BRDA:118,5,0,6
BRDA:118,5,1,1
BRDA:129,6,0,0
BRDA:129,6,1,4
BRDA:158,7,0,1
BRDA:158,7,1,4
BRF:14
BRH:12
end_of_record
TN:
SF:src/comps/loader-schema.js
FN:1,(anonymous_1)
FN:2,(anonymous_2)
FN:4,(anonymous_3)
FN:5,(anonymous_4)
FN:8,(anonymous_5)
FN:13,(anonymous_6)
FN:19,(anonymous_7)
FN:25,(anonymous_8)
FN:26,(anonymous_9)
FN:31,(anonymous_10)
FN:35,(anonymous_11)
FN:36,(anonymous_12)
FN:40,(anonymous_13)
FN:44,(anonymous_14)
FN:48,(anonymous_15)
FN:52,(anonymous_16)
FNF:16
FNH:10
FNDA:3,(anonymous_1)
FNDA:7,(anonymous_2)
FNDA:6,(anonymous_3)
FNDA:1,(anonymous_4)
FNDA:0,(anonymous_5)
FNDA:0,(anonymous_6)
FNDA:5,(anonymous_7)
FNDA:5,(anonymous_8)
FNDA:0,(anonymous_9)
FNDA:5,(anonymous_10)
FNDA:0,(anonymous_11)
FNDA:0,(anonymous_12)
FNDA:3,(anonymous_13)
FNDA:15,(anonymous_14)
FNDA:0,(anonymous_15)
FNDA:6,(anonymous_16)
DA:1,3
DA:2,3
DA:3,7
DA:4,7
DA:5,7
DA:7,7
DA:12,7
DA:19,3
DA:20,5
DA:21,0
DA:25,3
DA:26,5
DA:27,5
DA:28,5
DA:31,3
DA:32,5
DA:35,3
DA:36,0
DA:37,0
DA:40,3
DA:41,3
DA:44,3
DA:45,15
DA:48,3
DA:49,0
DA:52,3
DA:53,6
DA:56,3
LF:28
LH:24
BRDA:20,1,0,0
BRDA:20,1,1,5
BRF:2
BRH:1
end_of_record
TN:
SF:src/comps/modular.js
FN:3,(anonymous_1)
FN:6,(anonymous_2)
FN:13,(anonymous_3)
FN:18,(anonymous_4)
FN:20,(anonymous_5)
FN:33,(anonymous_6)
FN:44,(anonymous_7)
FN:52,(anonymous_8)
FN:60,(anonymous_9)
FN:64,(anonymous_10)
FNF:10
FNH:10
FNDA:3,(anonymous_1)
FNDA:19,(anonymous_2)
FNDA:18,(anonymous_3)
FNDA:13,(anonymous_4)
FNDA:12,(anonymous_5)
FNDA:12,(anonymous_6)
FNDA:12,(anonymous_7)
FNDA:12,(anonymous_8)
FNDA:15,(anonymous_9)
FNDA:6,(anonymous_10)
DA:1,3
DA:6,3
DA:7,19
DA:8,19
DA:9,19
DA:13,3
DA:14,18
DA:18,3
DA:19,13
DA:20,13
DA:21,12
DA:22,12
DA:24,0
DA:28,0
DA:33,3
DA:34,12
DA:35,12
DA:36,12
DA:37,13
DA:38,13
DA:40,12
DA:41,12
DA:44,3
DA:45,12
DA:46,12
DA:47,0
DA:49,12
DA:52,3
DA:53,12
DA:54,12
DA:55,12
DA:56,12
DA:60,3
DA:61,15
DA:64,3
DA:65,6
DA:68,3
DA:69,3
LF:38
LH:35
BRDA:19,1,0,13
BRDA:19,1,1,0
BRDA:46,2,0,0
BRDA:46,2,1,12
BRDA:54,3,0,12
BRDA:54,3,1,0
BRF:6
BRH:3
end_of_record
TN:
SF:src/comps/sequential.js
FN:3,(anonymous_1)
FN:5,(anonymous_2)
FN:10,(anonymous_3)
FN:14,(anonymous_4)
FN:18,(anonymous_5)
FN:24,(anonymous_6)
FN:31,(anonymous_7)
FN:45,(anonymous_8)
FN:49,(anonymous_9)
FN:52,(anonymous_10)
FNF:10
FNH:10
FNDA:2,(anonymous_1)
FNDA:3,(anonymous_2)
FNDA:6,(anonymous_3)
FNDA:23,(anonymous_4)
FNDA:6,(anonymous_5)
FNDA:6,(anonymous_6)
FNDA:8,(anonymous_7)
FNDA:23,(anonymous_8)
FNDA:12,(anonymous_9)
FNDA:27,(anonymous_10)
DA:1,2
DA:5,2
DA:6,3
DA:7,3
DA:10,2
DA:11,6
DA:14,2
DA:15,23
DA:18,2
DA:19,6
DA:20,6
DA:21,6
DA:25,6
DA:26,6
DA:27,0
DA:29,6
DA:32,8
DA:33,2
DA:35,6
DA:36,6
DA:39,6
DA:40,6
DA:41,6
DA:42,6
DA:45,2
DA:46,23
DA:49,2
DA:50,12
DA:53,27
DA:54,23
DA:55,23
DA:56,8
DA:58,15
DA:59,15
DA:63,12
DA:66,2
DA:67,2
LF:37
LH:36
BRDA:26,1,0,0
BRDA:26,1,1,6
BRDA:32,2,0,2
BRDA:32,2,1,6
BRDA:53,3,0,23
BRDA:53,3,1,4
BRDA:55,4,0,8
BRDA:55,4,1,15
BRF:8
BRH:7
end_of_record
TN:
SF:src/comps/modular-manager.js
FN:4,(anonymous_1)
FN:6,(anonymous_2)
FN:14,(anonymous_3)
FN:19,(anonymous_4)
FN:28,(anonymous_5)
FN:33,(anonymous_6)
FN:40,(anonymous_7)
FNF:7
FNH:7
FNDA:2,(anonymous_1)
FNDA:10,(anonymous_2)
FNDA:5,(anonymous_3)
FNDA:14,(anonymous_4)
FNDA:34,(anonymous_5)
FNDA:10,(anonymous_6)
FNDA:2,(anonymous_7)
DA:1,2
DA:6,2
DA:7,10
DA:8,10
DA:9,10
DA:10,10
DA:14,2
DA:15,5
DA:19,2
DA:20,14
DA:21,14
DA:22,14
DA:23,14
DA:28,2
DA:29,34
DA:33,2
DA:34,10
DA:35,10
DA:36,10
DA:40,2
DA:41,2
DA:42,2
DA:43,2
DA:47,2
DA:48,2
LF:25
LH:25
BRDA:21,1,0,14
BRDA:21,1,1,0
BRDA:35,2,0,10
BRDA:35,2,1,0
BRDA:42,3,0,2
BRDA:42,3,1,0
BRF:6
BRH:3
end_of_record
TN:
SF:src/comps/dependency.js
FN:3,(anonymous_1)
FN:26,(anonymous_2)
FN:37,(anonymous_3)
FN:45,(anonymous_4)
FN:54,(anonymous_5)
FN:55,(anonymous_6)
FN:58,(anonymous_7)
FN:65,(anonymous_8)
FN:76,(anonymous_9)
FN:84,(anonymous_10)
FN:92,(anonymous_11)
FN:97,(anonymous_12)
FN:109,(anonymous_13)
FN:112,(anonymous_14)
FNF:14
FNH:12
FNDA:3,(anonymous_1)
FNDA:9,(anonymous_2)
FNDA:0,(anonymous_3)
FNDA:9,(anonymous_4)
FNDA:9,(anonymous_5)
FNDA:7,(anonymous_6)
FNDA:2,(anonymous_7)
FNDA:9,(anonymous_8)
FNDA:9,(anonymous_9)
FNDA:7,(anonymous_10)
FNDA:2,(anonymous_11)
FNDA:18,(anonymous_12)
FNDA:9,(anonymous_13)
FNDA:0,(anonymous_14)
DA:1,3
DA:26,3
DA:27,9
DA:28,9
DA:29,9
DA:30,9
DA:37,3
DA:38,0
DA:45,3
DA:46,9
DA:48,9
DA:49,9
DA:52,9
DA:53,9
DA:54,9
DA:55,9
DA:56,7
DA:58,9
DA:59,2
DA:62,9
DA:65,3
DA:66,9
DA:67,9
DA:68,9
DA:69,9
DA:76,3
DA:77,9
DA:84,3
DA:85,7
DA:86,7
DA:92,3
DA:93,2
DA:94,2
DA:97,3
DA:98,18
DA:99,18
DA:100,9
DA:109,3
DA:110,9
DA:111,9
DA:112,0
DA:113,0
DA:114,0
DA:115,0
DA:119,9
DA:123,3
DA:124,3
LF:47
LH:42
BRDA:48,1,0,9
BRDA:48,1,1,0
BRDA:99,2,0,9
BRDA:99,2,1,9
BRDA:111,3,0,0
BRDA:111,3,1,9
BRDA:113,4,0,0
BRDA:113,4,1,0
BRDA:113,5,0,0
BRDA:113,5,1,0
BRF:10
BRH:4
end_of_record
TN:
SF:src/comps/loader.js
FN:5,(anonymous_1)
FN:7,(anonymous_2)
FN:11,(anonymous_3)
FN:18,(anonymous_4)
FN:20,(anonymous_5)
FN:22,(anonymous_6)
FN:29,(anonymous_7)
FN:37,(anonymous_8)
FN:54,(anonymous_9)
FN:68,(anonymous_10)
FNF:10
FNH:10
FNDA:2,(anonymous_1)
FNDA:7,(anonymous_2)
FNDA:7,(anonymous_3)
FNDA:5,(anonymous_4)
FNDA:3,(anonymous_5)
FNDA:1,(anonymous_6)
FNDA:21,(anonymous_7)
FNDA:7,(anonymous_8)
FNDA:5,(anonymous_9)
FNDA:3,(anonymous_10)
DA:2,2
DA:7,2
DA:8,7
DA:11,2
DA:13,7
DA:14,7
DA:15,7
DA:16,7
DA:18,7
DA:19,5
DA:20,5
DA:21,3
DA:22,3
DA:23,1
DA:29,2
DA:30,21
DA:31,21
DA:32,9
DA:34,21
DA:37,2
DA:38,7
DA:39,7
DA:40,7
DA:42,7
DA:43,5
DA:45,5
DA:46,5
DA:48,5
DA:50,2
DA:54,2
DA:55,5
DA:58,5
DA:59,3
DA:60,3
DA:62,3
DA:64,2
DA:68,2
DA:69,3
DA:72,3
DA:73,1
DA:74,1
DA:76,2
DA:80,2
DA:82,2
LF:44
LH:44
BRDA:31,1,0,9
BRDA:31,1,1,12
BRDA:42,2,0,5
BRDA:42,2,1,2
BRDA:58,3,0,3
BRDA:58,3,1,2
BRDA:72,4,0,1
BRDA:72,4,1,2
BRF:8
BRH:8
end_of_record
TN:
SF:src/yoson.js
FN:1,(anonymous_1)
FN:9,(anonymous_2)
FNF:2
FNH:1
FNDA:1,(anonymous_1)
FNDA:0,(anonymous_2)
DA:1,1
DA:3,1
DA:4,1
DA:7,1
DA:9,1
DA:10,0
DA:11,0
DA:13,0
DA:14,0
DA:16,0
DA:21,1
LF:11
LH:6
BRDA:3,1,0,1
BRDA:3,1,1,0
BRF:2
BRH:1
end_of_record
TN:
SF:src/comps/single-promise.js
FN:3,(anonymous_1)
FN:5,(anonymous_2)
FN:13,(anonymous_3)
FN:19,(anonymous_4)
FN:22,(anonymous_5)
FN:28,(anonymous_6)
FN:32,(anonymous_7)
FN:39,(anonymous_8)
FN:44,(anonymous_9)
FN:53,(anonymous_10)
FN:55,(anonymous_11)
FNF:11
FNH:7
FNDA:3,(anonymous_1)
FNDA:4,(anonymous_2)
FNDA:4,(anonymous_3)
FNDA:4,(anonymous_4)
FNDA:2,(anonymous_5)
FNDA:2,(anonymous_6)
FNDA:2,(anonymous_7)
FNDA:0,(anonymous_8)
FNDA:0,(anonymous_9)
FNDA:0,(anonymous_10)
FNDA:0,(anonymous_11)
DA:1,3
DA:5,3
DA:6,4
DA:10,4
DA:13,3
DA:14,4
DA:15,2
DA:19,3
DA:20,4
DA:22,4
DA:23,2
DA:28,3
DA:29,2
DA:31,2
DA:33,2
DA:34,2
DA:35,0
DA:40,0
DA:41,0
DA:45,0
DA:48,2
DA:49,2
DA:53,3
DA:54,0
DA:55,0
DA:56,0
DA:60,3
DA:61,3
LF:28
LH:21
BRDA:34,1,0,0
BRDA:34,1,1,2
BRDA:40,2,0,0
BRDA:40,2,1,0
BRF:4
BRH:1
end_of_record
TN:
SF:src/core.js
FN:8,(anonymous_1)
FN:18,(anonymous_2)
FN:20,(anonymous_3)
FN:24,(anonymous_4)
FN:35,(anonymous_5)
FN:38,(anonymous_6)
FN:47,(anonymous_7)
FN:51,(anonymous_8)
FN:55,(anonymous_9)
FN:56,(anonymous_10)
FN:59,(anonymous_11)
FN:68,(anonymous_12)
FN:71,(anonymous_13)
FNF:13
FNH:12
FNDA:2,(anonymous_1)
FNDA:2,(anonymous_2)
FNDA:1,(anonymous_3)
FNDA:1,(anonymous_4)
FNDA:4,(anonymous_5)
FNDA:3,(anonymous_6)
FNDA:4,(anonymous_7)
FNDA:3,(anonymous_8)
FNDA:3,(anonymous_9)
FNDA:3,(anonymous_10)
FNDA:0,(anonymous_11)
FNDA:1,(anonymous_12)
FNDA:1,(anonymous_13)
DA:1,2
DA:10,2
DA:18,2
DA:20,2
DA:21,1
DA:24,2
DA:25,1
DA:26,1
DA:27,1
DA:28,0
DA:31,1
DA:35,2
DA:36,4
DA:39,3
DA:40,3
DA:41,0
DA:43,3
DA:46,2
DA:48,4
DA:49,4
DA:52,3
DA:53,3
DA:54,3
DA:55,3
DA:56,3
DA:57,3
DA:58,3
DA:60,0
DA:61,0
DA:65,0
DA:69,1
DA:72,1
DA:77,2
LF:33
LH:28
BRDA:27,1,0,0
BRDA:27,1,1,1
BRDA:40,2,0,0
BRDA:40,2,1,3
BRDA:53,3,0,3
BRDA:53,3,1,0
BRF:6
BRH:3
end_of_record
